<?xml version="1.0" encoding="UTF-8"?>
<!-- Generated by org.testng.reporters.JUnitReportReporter -->
<testsuite hostname="TABLET-035DO2R9" failures="0" tests="1" name="com.tests.addSoapXMLValidator" time="3.621" errors="0" timestamp="2024-01-11T16:31:04 GMT-06:00" skipped="0">
  <testcase classname="com.tests.addSoapXMLValidator" name="divXML" time="3.621"/>
  <system-out/>
</testsuite> <!-- com.tests.addSoapXMLValidator -->
