<?xml version="1.0" encoding="UTF-8"?>
<!-- Generated by org.testng.reporters.JUnitReportReporter -->
<testsuite hostname="TABLET-035DO2R9" failures="0" tests="1" name="com.tests.divSoapXMLValidator" time="3.333" errors="0" timestamp="2024-01-11T15:55:49 GMT-06:00" skipped="0">
  <testcase classname="com.tests.divSoapXMLValidator" name="divXML" time="3.333"/>
  <system-out/>
</testsuite> <!-- com.tests.divSoapXMLValidator -->
