<?xml version="1.0" encoding="UTF-8"?>
<!-- Generated by org.testng.reporters.JUnitReportReporter -->
<testsuite hostname="TABLET-035DO2R9" failures="0" tests="1" name="com.pojoJsonArry.CreateEmployeeJSONArray" time="3.810" errors="1" timestamp="2024-01-15T17:16:57 GMT-06:00" skipped="0">
  <testcase classname="com.pojoJsonArry.CreateEmployeeJSONArray" name="creatJSONOArraybjectFromEmployeClassObject" time="3.810">
    <error message="Cannot deserialize instance of `com.pojo.Employee` out of START_ARRAY token
 at [Source: (String)&quot;[ {
  &quot;firstName&quot; : &quot;Dipali&quot;,
  &quot;lastName&quot; : &quot;Mehara&quot;,
  &quot;gender&quot; : &quot;male&quot;,
  &quot;age&quot; : 35,
  &quot;salary&quot; : 10000.27
}, {
  &quot;firstName&quot; : null,
  &quot;lastName&quot; : &quot;Sandy&quot;,
  &quot;gender&quot; : &quot;Female&quot;,
  &quot;age&quot; : 34,
  &quot;salary&quot; : 20000.27
}, {
  &quot;firstName&quot; : &quot;Roopa&quot;,
  &quot;lastName&quot; : &quot;Mahi&quot;,
  &quot;gender&quot; : &quot;Female&quot;,
  &quot;age&quot; : 36,
  &quot;salary&quot; : 40000.27
} ]&quot;; line: 1, column: 1]" type="com.fasterxml.jackson.databind.exc.MismatchedInputException">
      <![CDATA[com.fasterxml.jackson.databind.exc.MismatchedInputException: Cannot deserialize instance of `com.pojo.Employee` out of START_ARRAY token
 at [Source: (String)"[ {
  "firstName" : "Dipali",
  "lastName" : "Mehara",
  "gender" : "male",
  "age" : 35,
  "salary" : 10000.27
}, {
  "firstName" : null,
  "lastName" : "Sandy",
  "gender" : "Female",
  "age" : 34,
  "salary" : 20000.27
}, {
  "firstName" : "Roopa",
  "lastName" : "Mahi",
  "gender" : "Female",
  "age" : 36,
  "salary" : 40000.27
} ]"; line: 1, column: 1]
at com.fasterxml.jackson.databind.exc.MismatchedInputException.from(MismatchedInputException.java:59)
at com.fasterxml.jackson.databind.DeserializationContext.reportInputMismatch(DeserializationContext.java:1464)
at com.fasterxml.jackson.databind.DeserializationContext.handleUnexpectedToken(DeserializationContext.java:1238)
at com.fasterxml.jackson.databind.DeserializationContext.handleUnexpectedToken(DeserializationContext.java:1190)
at com.fasterxml.jackson.databind.deser.BeanDeserializer._deserializeFromArray(BeanDeserializer.java:604)
at com.fasterxml.jackson.databind.deser.BeanDeserializer._deserializeOther(BeanDeserializer.java:190)
at com.fasterxml.jackson.databind.deser.BeanDeserializer.deserialize(BeanDeserializer.java:166)
at com.fasterxml.jackson.databind.ObjectMapper._readMapAndClose(ObjectMapper.java:4482)
at com.fasterxml.jackson.databind.ObjectMapper.readValue(ObjectMapper.java:3434)
at com.fasterxml.jackson.databind.ObjectMapper.readValue(ObjectMapper.java:3402)
at com.pojoJsonArry.CreateEmployeeJSONArray.creatJSONOArraybjectFromEmployeClassObject(CreateEmployeeJSONArray.java:76)
at java.base/jdk.internal.reflect.NativeMethodAccessorImpl.invoke0(Native Method)
at java.base/jdk.internal.reflect.NativeMethodAccessorImpl.invoke(NativeMethodAccessorImpl.java:77)
at java.base/jdk.internal.reflect.DelegatingMethodAccessorImpl.invoke(DelegatingMethodAccessorImpl.java:43)
at java.base/java.lang.reflect.Method.invoke(Method.java:568)
at org.testng.internal.MethodInvocationHelper.invokeMethod(MethodInvocationHelper.java:133)
at org.testng.internal.TestInvoker.invokeMethod(TestInvoker.java:598)
at org.testng.internal.TestInvoker.invokeTestMethod(TestInvoker.java:173)
at org.testng.internal.MethodRunner.runInSequence(MethodRunner.java:46)
at org.testng.internal.TestInvoker$MethodInvocationAgent.invoke(TestInvoker.java:824)
at org.testng.internal.TestInvoker.invokeTestMethods(TestInvoker.java:146)
at org.testng.internal.TestMethodWorker.invokeTestMethods(TestMethodWorker.java:146)
at org.testng.internal.TestMethodWorker.run(TestMethodWorker.java:128)
at java.base/java.util.ArrayList.forEach(ArrayList.java:1511)
at org.testng.TestRunner.privateRun(TestRunner.java:794)
at org.testng.TestRunner.run(TestRunner.java:596)
at org.testng.SuiteRunner.runTest(SuiteRunner.java:377)
at org.testng.SuiteRunner.runSequentially(SuiteRunner.java:371)
at org.testng.SuiteRunner.privateRun(SuiteRunner.java:332)
at org.testng.SuiteRunner.run(SuiteRunner.java:276)
at org.testng.SuiteRunnerWorker.runSuite(SuiteRunnerWorker.java:53)
at org.testng.SuiteRunnerWorker.run(SuiteRunnerWorker.java:96)
at org.testng.TestNG.runSuitesSequentially(TestNG.java:1212)
at org.testng.TestNG.runSuitesLocally(TestNG.java:1134)
at org.testng.TestNG.runSuites(TestNG.java:1063)
at org.testng.TestNG.run(TestNG.java:1031)
at org.testng.remote.AbstractRemoteTestNG.run(AbstractRemoteTestNG.java:115)
at org.testng.remote.RemoteTestNG.initAndRun(RemoteTestNG.java:251)
at org.testng.remote.RemoteTestNG.main(RemoteTestNG.java:77)
]]>
    </error>
  </testcase> <!-- creatJSONOArraybjectFromEmployeClassObject -->
  <system-out/>
</testsuite> <!-- com.pojoJsonArry.CreateEmployeeJSONArray -->
