<?xml version="1.0" encoding="UTF-8"?>
<!-- Generated by org.testng.reporters.JUnitReportReporter -->
<testsuite hostname="TABLET-035DO2R9" failures="0" tests="1" name="com.tests.GETPOSTExamples" time="3.115" errors="0" timestamp="2024-01-19T17:47:28 GMT-06:00" skipped="0">
  <testcase classname="com.tests.GETPOSTExamples" name="test_B" time="3.115"/>
  <system-out/>
</testsuite> <!-- com.tests.GETPOSTExamples -->
