<?xml version="1.0" encoding="UTF-8"?>
<!-- Generated by org.testng.reporters.JUnitReportReporter -->
<testsuite hostname="TABLET-035DO2R9" failures="0" tests="1" name="com.demo.DataDrivenExample" time="2.252" errors="0" timestamp="2024-01-12T21:24:04 GMT-06:00" skipped="0">
  <testcase classname="com.demo.DataDrivenExample" name="delet" time="2.252"/>
  <system-out/>
</testsuite> <!-- com.demo.DataDrivenExample -->
