<?xml version="1.0" encoding="UTF-8"?>
<!-- Generated by org.testng.reporters.JUnitReportReporter -->
<testsuite hostname="TABLET-035DO2R9" failures="0" tests="1" name="com.rahul.ReqResAPIDemo" time="2.965" errors="0" timestamp="2024-01-10T15:33:12 GMT-06:00" skipped="0">
  <testcase classname="com.rahul.ReqResAPIDemo" name="delete" time="2.965"/>
  <system-out/>
</testsuite> <!-- com.rahul.ReqResAPIDemo -->
