<?xml version="1.0" encoding="UTF-8"?>
<!-- Generated by org.testng.reporters.JUnitReportReporter -->
<testsuite hostname="TABLET-035DO2R9" failures="0" tests="2" name="com.tests.GETPOSTExamples" time="4.903" errors="0" timestamp="2024-01-06T21:23:29 GMT-06:00" skipped="0">
  <testcase classname="com.tests.GETPOSTExamples" name="test_B" time="0.684"/>
  <system-out/>
  <testcase classname="com.tests.GETPOSTExamples" name="test_A" time="4.219"/>
  <system-out/>
</testsuite> <!-- com.tests.GETPOSTExamples -->
