<?xml version="1.0" encoding="UTF-8"?>
<!-- Generated by org.testng.reporters.JUnitReportReporter -->
<testsuite hostname="TABLET-035DO2R9" failures="0" tests="1" name="com.tests.SaopXLMRequest" time="2.109" errors="0" timestamp="2024-01-11T13:38:30 GMT-06:00" skipped="0">
  <testcase classname="com.tests.SaopXLMRequest" name="validateSoapXML" time="2.109"/>
  <system-out/>
</testsuite> <!-- com.tests.SaopXLMRequest -->
