<?xml version="1.0" encoding="UTF-8"?>
<!-- Generated by org.testng.reporters.JUnitReportReporter -->
<testsuite hostname="TABLET-035DO2R9" failures="0" tests="1" name="com.tests.lunchBrowserDemo" time="19.874" errors="0" timestamp="2024-01-06T11:30:10 GMT-06:00" skipped="0">
  <testcase classname="com.tests.lunchBrowserDemo" name="lunchBrowser" time="19.874"/>
  <system-out/>
</testsuite> <!-- com.tests.lunchBrowserDemo -->
