<?xml version="1.0" encoding="UTF-8"?>
<!-- Generated by org.testng.reporters.JUnitReportReporter -->
<testsuite hostname="TABLET-035DO2R9" failures="0" tests="3" name="com.tests.PutPatchDeleteExamples" time="3.988" errors="0" timestamp="2024-01-06T21:48:22 GMT-06:00" skipped="0">
  <testcase classname="com.tests.PutPatchDeleteExamples" name="testDELETE" time="2.726"/>
  <system-out/>
  <testcase classname="com.tests.PutPatchDeleteExamples" name="testPUT" time="0.523"/>
  <system-out/>
  <testcase classname="com.tests.PutPatchDeleteExamples" name="testPATCH" time="0.739"/>
  <system-out/>
</testsuite> <!-- com.tests.PutPatchDeleteExamples -->
